[04-Dec-2017 17:10:44 UTC] PHP Warning:  mysqli::mysqli(): (HY000/1049): Unknown database 'TEST' in /home/ubuntu/workspace/actions/create.php on line 13
[04-Dec-2017 17:10:44 UTC] PHP Stack trace:
[04-Dec-2017 17:10:44 UTC] PHP   1. {main}() /home/ubuntu/workspace/actions/create.php:0
[04-Dec-2017 17:10:44 UTC] PHP   2. mysqli->mysqli() /home/ubuntu/workspace/actions/create.php:13
[06-Dec-2017 16:25:20 UTC] PHP Warning:  addcslashes() expects exactly 2 parameters, 1 given in /home/ubuntu/workspace/actions/create.php on line 4
[06-Dec-2017 16:25:20 UTC] PHP Stack trace:
[06-Dec-2017 16:25:20 UTC] PHP   1. {main}() /home/ubuntu/workspace/actions/create.php:0
[06-Dec-2017 16:25:20 UTC] PHP   2. addcslashes() /home/ubuntu/workspace/actions/create.php:4
[06-Dec-2017 16:25:20 UTC] PHP Warning:  addcslashes() expects exactly 2 parameters, 1 given in /home/ubuntu/workspace/actions/create.php on line 5
[06-Dec-2017 16:25:20 UTC] PHP Stack trace:
[06-Dec-2017 16:25:20 UTC] PHP   1. {main}() /home/ubuntu/workspace/actions/create.php:0
[06-Dec-2017 16:25:20 UTC] PHP   2. addcslashes() /home/ubuntu/workspace/actions/create.php:5
[06-Dec-2017 16:26:07 UTC] PHP Warning:  addcslashes() expects exactly 2 parameters, 1 given in /home/ubuntu/workspace/actions/create.php on line 4
[06-Dec-2017 16:26:07 UTC] PHP Stack trace:
[06-Dec-2017 16:26:07 UTC] PHP   1. {main}() /home/ubuntu/workspace/actions/create.php:0
[06-Dec-2017 16:26:07 UTC] PHP   2. addcslashes() /home/ubuntu/workspace/actions/create.php:4
[06-Dec-2017 16:26:07 UTC] PHP Warning:  addcslashes() expects exactly 2 parameters, 1 given in /home/ubuntu/workspace/actions/create.php on line 5
[06-Dec-2017 16:26:07 UTC] PHP Stack trace:
[06-Dec-2017 16:26:07 UTC] PHP   1. {main}() /home/ubuntu/workspace/actions/create.php:0
[06-Dec-2017 16:26:07 UTC] PHP   2. addcslashes() /home/ubuntu/workspace/actions/create.php:5
[06-Dec-2017 16:26:46 UTC] PHP Warning:  addcslashes() expects exactly 2 parameters, 1 given in /home/ubuntu/workspace/actions/create.php on line 4
[06-Dec-2017 16:26:46 UTC] PHP Stack trace:
[06-Dec-2017 16:26:46 UTC] PHP   1. {main}() /home/ubuntu/workspace/actions/create.php:0
[06-Dec-2017 16:26:46 UTC] PHP   2. addcslashes() /home/ubuntu/workspace/actions/create.php:4
[06-Dec-2017 16:26:46 UTC] PHP Warning:  addcslashes() expects exactly 2 parameters, 1 given in /home/ubuntu/workspace/actions/create.php on line 5
[06-Dec-2017 16:26:46 UTC] PHP Stack trace:
[06-Dec-2017 16:26:46 UTC] PHP   1. {main}() /home/ubuntu/workspace/actions/create.php:0
[06-Dec-2017 16:26:46 UTC] PHP   2. addcslashes() /home/ubuntu/workspace/actions/create.php:5
[06-Dec-2017 16:26:47 UTC] PHP Warning:  addcslashes() expects exactly 2 parameters, 1 given in /home/ubuntu/workspace/actions/create.php on line 4
[06-Dec-2017 16:26:47 UTC] PHP Stack trace:
[06-Dec-2017 16:26:47 UTC] PHP   1. {main}() /home/ubuntu/workspace/actions/create.php:0
[06-Dec-2017 16:26:47 UTC] PHP   2. addcslashes() /home/ubuntu/workspace/actions/create.php:4
[06-Dec-2017 16:26:47 UTC] PHP Warning:  addcslashes() expects exactly 2 parameters, 1 given in /home/ubuntu/workspace/actions/create.php on line 5
[06-Dec-2017 16:26:47 UTC] PHP Stack trace:
[06-Dec-2017 16:26:47 UTC] PHP   1. {main}() /home/ubuntu/workspace/actions/create.php:0
[06-Dec-2017 16:26:47 UTC] PHP   2. addcslashes() /home/ubuntu/workspace/actions/create.php:5
[10-Dec-2017 12:23:44 UTC] PHP Warning:  mysqli::mysqli(): (HY000/1045): Access denied for user 'alexvvghost'@'localhost' (using password: NO) in /home/ubuntu/workspace/actions/get.php on line 4
[10-Dec-2017 12:23:44 UTC] PHP Stack trace:
[10-Dec-2017 12:23:44 UTC] PHP   1. {main}() /home/ubuntu/workspace/actions/get.php:0
[10-Dec-2017 12:23:44 UTC] PHP   2. mysqli->mysqli() /home/ubuntu/workspace/actions/get.php:4
[10-Dec-2017 12:23:44 UTC] PHP Warning:  mysqli::query(): Couldn't fetch mysqli in /home/ubuntu/workspace/actions/get.php on line 8
[10-Dec-2017 12:23:44 UTC] PHP Stack trace:
[10-Dec-2017 12:23:44 UTC] PHP   1. {main}() /home/ubuntu/workspace/actions/get.php:0
[10-Dec-2017 12:23:44 UTC] PHP   2. mysqli->query() /home/ubuntu/workspace/actions/get.php:8
[10-Dec-2017 12:23:44 UTC] PHP Warning:  mysqli::close(): Couldn't fetch mysqli in /home/ubuntu/workspace/actions/get.php on line 24
[10-Dec-2017 12:23:44 UTC] PHP Stack trace:
[10-Dec-2017 12:23:44 UTC] PHP   1. {main}() /home/ubuntu/workspace/actions/get.php:0
[10-Dec-2017 12:23:44 UTC] PHP   2. mysqli->close() /home/ubuntu/workspace/actions/get.php:24
[10-Dec-2017 12:23:51 UTC] PHP Warning:  mysqli::mysqli(): (HY000/1045): Access denied for user 'alexvvghost'@'localhost' (using password: NO) in /home/ubuntu/workspace/actions/create.php on line 9
[10-Dec-2017 12:23:51 UTC] PHP Stack trace:
[10-Dec-2017 12:23:51 UTC] PHP   1. {main}() /home/ubuntu/workspace/actions/create.php:0
[10-Dec-2017 12:23:51 UTC] PHP   2. mysqli->mysqli() /home/ubuntu/workspace/actions/create.php:9
[10-Dec-2017 12:23:51 UTC] PHP Warning:  mysqli::query(): Couldn't fetch mysqli in /home/ubuntu/workspace/actions/create.php on line 13
[10-Dec-2017 12:23:51 UTC] PHP Stack trace:
[10-Dec-2017 12:23:51 UTC] PHP   1. {main}() /home/ubuntu/workspace/actions/create.php:0
[10-Dec-2017 12:23:51 UTC] PHP   2. mysqli->query() /home/ubuntu/workspace/actions/create.php:13
[10-Dec-2017 12:23:51 UTC] PHP Warning:  mysqli::close(): Couldn't fetch mysqli in /home/ubuntu/workspace/actions/create.php on line 15
[10-Dec-2017 12:23:51 UTC] PHP Stack trace:
[10-Dec-2017 12:23:51 UTC] PHP   1. {main}() /home/ubuntu/workspace/actions/create.php:0
[10-Dec-2017 12:23:51 UTC] PHP   2. mysqli->close() /home/ubuntu/workspace/actions/create.php:15
